<?xml version="1.0" encoding="UTF-8" ?>
<testsuite failures="0" time="0.054" errors="0" skipped="0" tests="35" name="uk.org.nbn.nbnv.importer.spatial.ChannelIslandGridSquareInfoSuite">
  <properties>
[...]
</properties>
  <testcase time="0.002" classname="uk.org.nbn.nbnv.importer.spatial.ChannelIslandGridSquareInfoSuite" name="should identify projection as ED50"/>
  <testcase time="0.001" classname="uk.org.nbn.nbnv.importer.spatial.ChannelIslandGridSquareInfoSuite" name="shold identify EPSG code as 23030"/>
  <testcase time="0" classname="uk.org.nbn.nbnv.importer.spatial.ChannelIslandGridSquareInfoSuite" name="should output an unblurred grid referce"/>
  <testcase time="0" classname="uk.org.nbn.nbnv.importer.spatial.ChannelIslandGridSquareInfoSuite" name="1m grid ref should be blured to 100m grid automatically"/>
  <testcase time="0" classname="uk.org.nbn.nbnv.importer.spatial.ChannelIslandGridSquareInfoSuite" name="10m grid ref should be blured to 100m grid automatically"/>
  <testcase time="0.001" classname="uk.org.nbn.nbnv.importer.spatial.ChannelIslandGridSquareInfoSuite" name="100m grid ref should have precision = 100"/>
  <testcase time="0.001" classname="uk.org.nbn.nbnv.importer.spatial.ChannelIslandGridSquareInfoSuite" name="1000m grid ref should have precision = 1000"/>
  <testcase time="0" classname="uk.org.nbn.nbnv.importer.spatial.ChannelIslandGridSquareInfoSuite" name="2000m DINTY grid ref should have precision = 2000"/>
  <testcase time="0" classname="uk.org.nbn.nbnv.importer.spatial.ChannelIslandGridSquareInfoSuite" name="10000m grid ref should have precision = 10000"/>
  <testcase time="0.001" classname="uk.org.nbn.nbnv.importer.spatial.ChannelIslandGridSquareInfoSuite" name="should blur 100m grid ref to 1000m"/>
  <testcase time="0.001" classname="uk.org.nbn.nbnv.importer.spatial.ChannelIslandGridSquareInfoSuite" name="should blur 100m grid ref to 2000m"/>
  <testcase time="0.001" classname="uk.org.nbn.nbnv.importer.spatial.ChannelIslandGridSquareInfoSuite" name="should blur 100m grid ref to 10000m"/>
  <testcase time="0.001" classname="uk.org.nbn.nbnv.importer.spatial.ChannelIslandGridSquareInfoSuite" name="should blur DINTY grid ref to 10000m"/>
  <testcase time="0" classname="uk.org.nbn.nbnv.importer.spatial.ChannelIslandGridSquareInfoSuite" name="should normailise precision of 30 to 100m"/>
  <testcase time="0.001" classname="uk.org.nbn.nbnv.importer.spatial.ChannelIslandGridSquareInfoSuite" name="should normailise precision of 150 to 1000m"/>
  <testcase time="0.001" classname="uk.org.nbn.nbnv.importer.spatial.ChannelIslandGridSquareInfoSuite" name="should normailise precision of 1200 to 2000m"/>
  <testcase time="0.001" classname="uk.org.nbn.nbnv.importer.spatial.ChannelIslandGridSquareInfoSuite" name="should normailise precision of 8000 to 10000m"/>
  <testcase time="0.001" classname="uk.org.nbn.nbnv.importer.spatial.ChannelIslandGridSquareInfoSuite" name="should give 1000m grid square as parent of 100m"/>
  <testcase time="0.002" classname="uk.org.nbn.nbnv.importer.spatial.ChannelIslandGridSquareInfoSuite" name="should give 2000m grid square as parent of 1000m"/>
  <testcase time="0.001" classname="uk.org.nbn.nbnv.importer.spatial.ChannelIslandGridSquareInfoSuite" name="should give 10000m grid square as parent of 2000m"/>
  <testcase time="0.001" classname="uk.org.nbn.nbnv.importer.spatial.ChannelIslandGridSquareInfoSuite" name="should be no parent of 10000m grid square"/>
  <testcase time="0.005" classname="uk.org.nbn.nbnv.importer.spatial.ChannelIslandGridSquareInfoSuite" name="should give WKT for 100m grid square in WGS84"/>
  <testcase time="0.003" classname="uk.org.nbn.nbnv.importer.spatial.ChannelIslandGridSquareInfoSuite" name="should give WKT for 1000m grid square in WGS84"/>
  <testcase time="0.002" classname="uk.org.nbn.nbnv.importer.spatial.ChannelIslandGridSquareInfoSuite" name="should give WKT for 2000m grid square in WGS84"/>
  <testcase time="0.003" classname="uk.org.nbn.nbnv.importer.spatial.ChannelIslandGridSquareInfoSuite" name="should give WKT for 10000m grid square in WGS84"/>
  <testcase time="0.001" classname="uk.org.nbn.nbnv.importer.spatial.ChannelIslandGridSquareInfoSuite" name="should compute 2000m grid ref from 100m grid ref"/>
  <testcase time="0.002" classname="uk.org.nbn.nbnv.importer.spatial.ChannelIslandGridSquareInfoSuite" name="should compute 10000m grid ref from 1000m grid ref"/>
  <testcase time="0" classname="uk.org.nbn.nbnv.importer.spatial.ChannelIslandGridSquareInfoSuite" name="should return same grid square if requested precision is lower"/>
  <testcase time="0.001" classname="uk.org.nbn.nbnv.importer.spatial.ChannelIslandGridSquareInfoSuite" name="should return same grid square if requested precision is the same"/>
  <testcase time="0.001" classname="uk.org.nbn.nbnv.importer.spatial.ChannelIslandGridSquareInfoSuite" name="should give WKT for 100m grid square"/>
  <testcase time="0" classname="uk.org.nbn.nbnv.importer.spatial.ChannelIslandGridSquareInfoSuite" name="should give WKT for 1000m grid square"/>
  <testcase time="0" classname="uk.org.nbn.nbnv.importer.spatial.ChannelIslandGridSquareInfoSuite" name="should give WKT for 2000m grid square"/>
  <testcase time="0.001" classname="uk.org.nbn.nbnv.importer.spatial.ChannelIslandGridSquareInfoSuite" name="should give WKT for 10000m grid square"/>
  <testcase time="0.001" classname="uk.org.nbn.nbnv.importer.spatial.ChannelIslandGridSquareInfoSuite" name="should give correct easting and norhting for WV1663471237"/>
  <testcase time="0.001" classname="uk.org.nbn.nbnv.importer.spatial.ChannelIslandGridSquareInfoSuite" name="should give correct grid gref for easting 516600 &amp; northing 5471200"/>
</testsuite>