<?xml version="1.0" encoding="UTF-8" ?>
<testsuite failures="0" time="1.422" errors="3" skipped="0" tests="12" name="uk.org.nbn.nbnv.importer.spatial.GridSquareInfoFactorySuite">
  <properties>
[...]
</properties>
  <testcase time="0.006" classname="uk.org.nbn.nbnv.importer.spatial.GridSquareInfoFactorySuite" name="should recognise irish grid ref"/>
  <testcase time="0.001" classname="uk.org.nbn.nbnv.importer.spatial.GridSquareInfoFactorySuite" name="should recognise irish dinty grid ref"/>
  <testcase time="0.001" classname="uk.org.nbn.nbnv.importer.spatial.GridSquareInfoFactorySuite" name="should recognise british grid ref"/>
  <testcase time="0" classname="uk.org.nbn.nbnv.importer.spatial.GridSquareInfoFactorySuite" name="should recognise british dinty grid ref"/>
  <testcase time="0.001" classname="uk.org.nbn.nbnv.importer.spatial.GridSquareInfoFactorySuite" name="should recognise ci grid ref"/>
  <testcase time="0.001" classname="uk.org.nbn.nbnv.importer.spatial.GridSquareInfoFactorySuite" name="should recognise ci dinty grid ref"/>
  <testcase time="0.001" classname="uk.org.nbn.nbnv.importer.spatial.GridSquareInfoFactorySuite" name="should return gridref for correct grid reference type"/>
  <testcase time="0" classname="uk.org.nbn.nbnv.importer.spatial.GridSquareInfoFactorySuite" name="should throw exception for invalid grid reference type"/>
  <testcase time="1.392" classname="uk.org.nbn.nbnv.importer.spatial.GridSquareInfoFactorySuite" name="smoke test - should give british grid square for lat 53.718103 lng -1.8684933">
    <error message="None.get" type="java.util.NoSuchElementException">java.util.NoSuchElementException: None.get
	at scala.None$.get(Option.scala:274)
	at scala.None$.get(Option.scala:272)
	at uk.org.nbn.nbnv.importer.spatial.GridSquareInfoFactorySuite$$anonfun$9.apply$mcV$sp(GridSquareInfoFactorySuite.scala:109)
	at uk.org.nbn.nbnv.importer.spatial.GridSquareInfoFactorySuite$$anonfun$9.apply(GridSquareInfoFactorySuite.scala:104)
	at uk.org.nbn.nbnv.importer.spatial.GridSquareInfoFactorySuite$$anonfun$9.apply(GridSquareInfoFactorySuite.scala:104)
	at org.scalatest.FunSuite$$anon$1.apply(FunSuite.scala:1265)
	at org.scalatest.Suite$class.withFixture(Suite.scala:1974)
	at uk.org.nbn.nbnv.importer.testing.BaseFunSuite.withFixture(BaseFunSuite.scala:12)
	at org.scalatest.FunSuite$class.invokeWithFixture$1(FunSuite.scala:1262)
	at org.scalatest.FunSuite$$anonfun$runTest$1.apply(FunSuite.scala:1271)
	at org.scalatest.FunSuite$$anonfun$runTest$1.apply(FunSuite.scala:1271)
	at org.scalatest.SuperEngine.runTestImpl(Engine.scala:198)
	at org.scalatest.FunSuite$class.runTest(FunSuite.scala:1271)
	at uk.org.nbn.nbnv.importer.testing.BaseFunSuite.runTest(BaseFunSuite.scala:12)
	at org.scalatest.FunSuite$$anonfun$runTests$1.apply(FunSuite.scala:1304)
	at org.scalatest.FunSuite$$anonfun$runTests$1.apply(FunSuite.scala:1304)
	at org.scalatest.SuperEngine$$anonfun$org$scalatest$SuperEngine$$runTestsInBranch$1.apply(Engine.scala:260)
	at org.scalatest.SuperEngine$$anonfun$org$scalatest$SuperEngine$$runTestsInBranch$1.apply(Engine.scala:249)
	at scala.collection.LinearSeqOptimized$class.foreach(LinearSeqOptimized.scala:59)
	at scala.collection.immutable.List.foreach(List.scala:76)
	at org.scalatest.SuperEngine.org$scalatest$SuperEngine$$runTestsInBranch(Engine.scala:249)
	at org.scalatest.SuperEngine.runTestsImpl(Engine.scala:326)
	at org.scalatest.FunSuite$class.runTests(FunSuite.scala:1304)
	at uk.org.nbn.nbnv.importer.testing.BaseFunSuite.runTests(BaseFunSuite.scala:12)
	at org.scalatest.Suite$class.run(Suite.scala:2303)
	at uk.org.nbn.nbnv.importer.testing.BaseFunSuite.org$scalatest$FunSuite$$super$run(BaseFunSuite.scala:12)
	at org.scalatest.FunSuite$$anonfun$run$1.apply(FunSuite.scala:1310)
	at org.scalatest.FunSuite$$anonfun$run$1.apply(FunSuite.scala:1310)
	at org.scalatest.SuperEngine.runImpl(Engine.scala:362)
	at org.scalatest.FunSuite$class.run(FunSuite.scala:1310)
	at uk.org.nbn.nbnv.importer.testing.BaseFunSuite.run(BaseFunSuite.scala:12)
	at org.scalatest.junit.JUnitRunner.run(JUnitRunner.scala:94)
	at org.apache.maven.surefire.junit4.JUnit4TestSet.execute(JUnit4TestSet.java:53)
	at org.apache.maven.surefire.junit4.JUnit4Provider.executeTestSet(JUnit4Provider.java:123)
	at org.apache.maven.surefire.junit4.JUnit4Provider.invoke(JUnit4Provider.java:104)
	at sun.reflect.NativeMethodAccessorImpl.invoke0(Native Method)
	at sun.reflect.NativeMethodAccessorImpl.invoke(NativeMethodAccessorImpl.java:39)
	at sun.reflect.DelegatingMethodAccessorImpl.invoke(DelegatingMethodAccessorImpl.java:25)
	at java.lang.reflect.Method.invoke(Method.java:597)
	at org.apache.maven.surefire.util.ReflectionUtils.invokeMethodWithArray(ReflectionUtils.java:164)
	at org.apache.maven.surefire.booter.ProviderFactory$ProviderProxy.invoke(ProviderFactory.java:110)
	at org.apache.maven.surefire.booter.SurefireStarter.invokeProvider(SurefireStarter.java:175)
	at org.apache.maven.surefire.booter.SurefireStarter.runSuitesInProcessWhenForked(SurefireStarter.java:107)
	at org.apache.maven.surefire.booter.ForkedBooter.main(ForkedBooter.java:68)
</error>
    <system-out>[EL Info]: 2012-11-06 12:07:01.846--ServerSession(1267757662)--EclipseLink, version: Eclipse Persistence Services - 2.3.0.v20110604-r9504
[EL Info]: 2012-11-06 12:07:02.203--ServerSession(1267757662)--file:/C:/Users/Paul Gilbertson/.m2/repository/uk/org/nbn/nbnv-crud/0.1-SNAPSHOT/nbnv-crud-0.1-SNAPSHOT.jar_NBNCore-PU_url=jdbc:sqlserver://sql-spatial;databaseName=NBNCore_user=NBNImporter login successful
</system-out>
    <system-err>log4j:WARN No appenders could be found for logger (org.jboss.logging).
log4j:WARN Please initialize the log4j system properly.
</system-err>
  </testcase>
  <testcase time="0.004" classname="uk.org.nbn.nbnv.importer.spatial.GridSquareInfoFactorySuite" name="smoke test - should give irish grid square for lat 54.622978 lng -7.1389159">
    <error message="None.get" type="java.util.NoSuchElementException">java.util.NoSuchElementException: None.get
	at scala.None$.get(Option.scala:274)
	at scala.None$.get(Option.scala:272)
	at uk.org.nbn.nbnv.importer.spatial.GridSquareInfoFactorySuite$$anonfun$10.apply$mcV$sp(GridSquareInfoFactorySuite.scala:120)
	at uk.org.nbn.nbnv.importer.spatial.GridSquareInfoFactorySuite$$anonfun$10.apply(GridSquareInfoFactorySuite.scala:115)
	at uk.org.nbn.nbnv.importer.spatial.GridSquareInfoFactorySuite$$anonfun$10.apply(GridSquareInfoFactorySuite.scala:115)
	at org.scalatest.FunSuite$$anon$1.apply(FunSuite.scala:1265)
	at org.scalatest.Suite$class.withFixture(Suite.scala:1974)
	at uk.org.nbn.nbnv.importer.testing.BaseFunSuite.withFixture(BaseFunSuite.scala:12)
	at org.scalatest.FunSuite$class.invokeWithFixture$1(FunSuite.scala:1262)
	at org.scalatest.FunSuite$$anonfun$runTest$1.apply(FunSuite.scala:1271)
	at org.scalatest.FunSuite$$anonfun$runTest$1.apply(FunSuite.scala:1271)
	at org.scalatest.SuperEngine.runTestImpl(Engine.scala:198)
	at org.scalatest.FunSuite$class.runTest(FunSuite.scala:1271)
	at uk.org.nbn.nbnv.importer.testing.BaseFunSuite.runTest(BaseFunSuite.scala:12)
	at org.scalatest.FunSuite$$anonfun$runTests$1.apply(FunSuite.scala:1304)
	at org.scalatest.FunSuite$$anonfun$runTests$1.apply(FunSuite.scala:1304)
	at org.scalatest.SuperEngine$$anonfun$org$scalatest$SuperEngine$$runTestsInBranch$1.apply(Engine.scala:260)
	at org.scalatest.SuperEngine$$anonfun$org$scalatest$SuperEngine$$runTestsInBranch$1.apply(Engine.scala:249)
	at scala.collection.LinearSeqOptimized$class.foreach(LinearSeqOptimized.scala:59)
	at scala.collection.immutable.List.foreach(List.scala:76)
	at org.scalatest.SuperEngine.org$scalatest$SuperEngine$$runTestsInBranch(Engine.scala:249)
	at org.scalatest.SuperEngine.runTestsImpl(Engine.scala:326)
	at org.scalatest.FunSuite$class.runTests(FunSuite.scala:1304)
	at uk.org.nbn.nbnv.importer.testing.BaseFunSuite.runTests(BaseFunSuite.scala:12)
	at org.scalatest.Suite$class.run(Suite.scala:2303)
	at uk.org.nbn.nbnv.importer.testing.BaseFunSuite.org$scalatest$FunSuite$$super$run(BaseFunSuite.scala:12)
	at org.scalatest.FunSuite$$anonfun$run$1.apply(FunSuite.scala:1310)
	at org.scalatest.FunSuite$$anonfun$run$1.apply(FunSuite.scala:1310)
	at org.scalatest.SuperEngine.runImpl(Engine.scala:362)
	at org.scalatest.FunSuite$class.run(FunSuite.scala:1310)
	at uk.org.nbn.nbnv.importer.testing.BaseFunSuite.run(BaseFunSuite.scala:12)
	at org.scalatest.junit.JUnitRunner.run(JUnitRunner.scala:94)
	at org.apache.maven.surefire.junit4.JUnit4TestSet.execute(JUnit4TestSet.java:53)
	at org.apache.maven.surefire.junit4.JUnit4Provider.executeTestSet(JUnit4Provider.java:123)
	at org.apache.maven.surefire.junit4.JUnit4Provider.invoke(JUnit4Provider.java:104)
	at sun.reflect.NativeMethodAccessorImpl.invoke0(Native Method)
	at sun.reflect.NativeMethodAccessorImpl.invoke(NativeMethodAccessorImpl.java:39)
	at sun.reflect.DelegatingMethodAccessorImpl.invoke(DelegatingMethodAccessorImpl.java:25)
	at java.lang.reflect.Method.invoke(Method.java:597)
	at org.apache.maven.surefire.util.ReflectionUtils.invokeMethodWithArray(ReflectionUtils.java:164)
	at org.apache.maven.surefire.booter.ProviderFactory$ProviderProxy.invoke(ProviderFactory.java:110)
	at org.apache.maven.surefire.booter.SurefireStarter.invokeProvider(SurefireStarter.java:175)
	at org.apache.maven.surefire.booter.SurefireStarter.runSuitesInProcessWhenForked(SurefireStarter.java:107)
	at org.apache.maven.surefire.booter.ForkedBooter.main(ForkedBooter.java:68)
</error>
  </testcase>
  <testcase time="0.005" classname="uk.org.nbn.nbnv.importer.spatial.GridSquareInfoFactorySuite" name="smoke test - should give channel islands grid square for lat 49.177422 lng -2.183612">
    <error message="None.get" type="java.util.NoSuchElementException">java.util.NoSuchElementException: None.get
	at scala.None$.get(Option.scala:274)
	at scala.None$.get(Option.scala:272)
	at uk.org.nbn.nbnv.importer.spatial.GridSquareInfoFactorySuite$$anonfun$11.apply$mcV$sp(GridSquareInfoFactorySuite.scala:131)
	at uk.org.nbn.nbnv.importer.spatial.GridSquareInfoFactorySuite$$anonfun$11.apply(GridSquareInfoFactorySuite.scala:126)
	at uk.org.nbn.nbnv.importer.spatial.GridSquareInfoFactorySuite$$anonfun$11.apply(GridSquareInfoFactorySuite.scala:126)
	at org.scalatest.FunSuite$$anon$1.apply(FunSuite.scala:1265)
	at org.scalatest.Suite$class.withFixture(Suite.scala:1974)
	at uk.org.nbn.nbnv.importer.testing.BaseFunSuite.withFixture(BaseFunSuite.scala:12)
	at org.scalatest.FunSuite$class.invokeWithFixture$1(FunSuite.scala:1262)
	at org.scalatest.FunSuite$$anonfun$runTest$1.apply(FunSuite.scala:1271)
	at org.scalatest.FunSuite$$anonfun$runTest$1.apply(FunSuite.scala:1271)
	at org.scalatest.SuperEngine.runTestImpl(Engine.scala:198)
	at org.scalatest.FunSuite$class.runTest(FunSuite.scala:1271)
	at uk.org.nbn.nbnv.importer.testing.BaseFunSuite.runTest(BaseFunSuite.scala:12)
	at org.scalatest.FunSuite$$anonfun$runTests$1.apply(FunSuite.scala:1304)
	at org.scalatest.FunSuite$$anonfun$runTests$1.apply(FunSuite.scala:1304)
	at org.scalatest.SuperEngine$$anonfun$org$scalatest$SuperEngine$$runTestsInBranch$1.apply(Engine.scala:260)
	at org.scalatest.SuperEngine$$anonfun$org$scalatest$SuperEngine$$runTestsInBranch$1.apply(Engine.scala:249)
	at scala.collection.LinearSeqOptimized$class.foreach(LinearSeqOptimized.scala:59)
	at scala.collection.immutable.List.foreach(List.scala:76)
	at org.scalatest.SuperEngine.org$scalatest$SuperEngine$$runTestsInBranch(Engine.scala:249)
	at org.scalatest.SuperEngine.runTestsImpl(Engine.scala:326)
	at org.scalatest.FunSuite$class.runTests(FunSuite.scala:1304)
	at uk.org.nbn.nbnv.importer.testing.BaseFunSuite.runTests(BaseFunSuite.scala:12)
	at org.scalatest.Suite$class.run(Suite.scala:2303)
	at uk.org.nbn.nbnv.importer.testing.BaseFunSuite.org$scalatest$FunSuite$$super$run(BaseFunSuite.scala:12)
	at org.scalatest.FunSuite$$anonfun$run$1.apply(FunSuite.scala:1310)
	at org.scalatest.FunSuite$$anonfun$run$1.apply(FunSuite.scala:1310)
	at org.scalatest.SuperEngine.runImpl(Engine.scala:362)
	at org.scalatest.FunSuite$class.run(FunSuite.scala:1310)
	at uk.org.nbn.nbnv.importer.testing.BaseFunSuite.run(BaseFunSuite.scala:12)
	at org.scalatest.junit.JUnitRunner.run(JUnitRunner.scala:94)
	at org.apache.maven.surefire.junit4.JUnit4TestSet.execute(JUnit4TestSet.java:53)
	at org.apache.maven.surefire.junit4.JUnit4Provider.executeTestSet(JUnit4Provider.java:123)
	at org.apache.maven.surefire.junit4.JUnit4Provider.invoke(JUnit4Provider.java:104)
	at sun.reflect.NativeMethodAccessorImpl.invoke0(Native Method)
	at sun.reflect.NativeMethodAccessorImpl.invoke(NativeMethodAccessorImpl.java:39)
	at sun.reflect.DelegatingMethodAccessorImpl.invoke(DelegatingMethodAccessorImpl.java:25)
	at java.lang.reflect.Method.invoke(Method.java:597)
	at org.apache.maven.surefire.util.ReflectionUtils.invokeMethodWithArray(ReflectionUtils.java:164)
	at org.apache.maven.surefire.booter.ProviderFactory$ProviderProxy.invoke(ProviderFactory.java:110)
	at org.apache.maven.surefire.booter.SurefireStarter.invokeProvider(SurefireStarter.java:175)
	at org.apache.maven.surefire.booter.SurefireStarter.runSuitesInProcessWhenForked(SurefireStarter.java:107)
	at org.apache.maven.surefire.booter.ForkedBooter.main(ForkedBooter.java:68)
</error>
  </testcase>
  <testcase time="0.004" classname="uk.org.nbn.nbnv.importer.spatial.GridSquareInfoFactorySuite" name="should give none for grid ref outside of supported grid systems"/>
</testsuite>