<?xml version="1.0" encoding="UTF-8" ?>
<testsuite failures="0" time="0.004" errors="0" skipped="0" tests="3" name="uk.org.nbn.nbnv.importer.validation.Nbnv88ValidatorSuite">
  <properties>
[...]
</properties>
  <testcase time="0.001" classname="uk.org.nbn.nbnv.importer.validation.Nbnv88ValidatorSuite" name="should validate a valid FeatureKey"/>
  <testcase time="0" classname="uk.org.nbn.nbnv.importer.validation.Nbnv88ValidatorSuite" name="should not validate an invalid FeatureKey"/>
  <testcase time="0.001" classname="uk.org.nbn.nbnv.importer.validation.Nbnv88ValidatorSuite" name="should not validate a FeatureKey that is less then 9 charachters"/>
</testsuite>