-------------------------------------------------------------------------------
Test set: uk.org.nbn.nbnv.importer.spatial.GridSquareInfoFactorySuite
-------------------------------------------------------------------------------
Tests run: 12, Failures: 0, Errors: 3, Skipped: 0, Time elapsed: 1.421 sec <<< FAILURE!
smoke test - should give british grid square for lat 53.718103 lng -1.8684933(uk.org.nbn.nbnv.importer.spatial.GridSquareInfoFactorySuite)  Time elapsed: 1.392 sec  <<< ERROR!
java.util.NoSuchElementException: None.get
	at scala.None$.get(Option.scala:274)
	at scala.None$.get(Option.scala:272)
	at uk.org.nbn.nbnv.importer.spatial.GridSquareInfoFactorySuite$$anonfun$9.apply$mcV$sp(GridSquareInfoFactorySuite.scala:109)
	at uk.org.nbn.nbnv.importer.spatial.GridSquareInfoFactorySuite$$anonfun$9.apply(GridSquareInfoFactorySuite.scala:104)
	at uk.org.nbn.nbnv.importer.spatial.GridSquareInfoFactorySuite$$anonfun$9.apply(GridSquareInfoFactorySuite.scala:104)
	at org.scalatest.FunSuite$$anon$1.apply(FunSuite.scala:1265)
	at org.scalatest.Suite$class.withFixture(Suite.scala:1974)
	at uk.org.nbn.nbnv.importer.testing.BaseFunSuite.withFixture(BaseFunSuite.scala:12)
	at org.scalatest.FunSuite$class.invokeWithFixture$1(FunSuite.scala:1262)
	at org.scalatest.FunSuite$$anonfun$runTest$1.apply(FunSuite.scala:1271)
	at org.scalatest.FunSuite$$anonfun$runTest$1.apply(FunSuite.scala:1271)
	at org.scalatest.SuperEngine.runTestImpl(Engine.scala:198)
	at org.scalatest.FunSuite$class.runTest(FunSuite.scala:1271)
	at uk.org.nbn.nbnv.importer.testing.BaseFunSuite.runTest(BaseFunSuite.scala:12)
	at org.scalatest.FunSuite$$anonfun$runTests$1.apply(FunSuite.scala:1304)
	at org.scalatest.FunSuite$$anonfun$runTests$1.apply(FunSuite.scala:1304)
	at org.scalatest.SuperEngine$$anonfun$org$scalatest$SuperEngine$$runTestsInBranch$1.apply(Engine.scala:260)
	at org.scalatest.SuperEngine$$anonfun$org$scalatest$SuperEngine$$runTestsInBranch$1.apply(Engine.scala:249)
	at scala.collection.LinearSeqOptimized$class.foreach(LinearSeqOptimized.scala:59)
	at scala.collection.immutable.List.foreach(List.scala:76)
	at org.scalatest.SuperEngine.org$scalatest$SuperEngine$$runTestsInBranch(Engine.scala:249)
	at org.scalatest.SuperEngine.runTestsImpl(Engine.scala:326)
	at org.scalatest.FunSuite$class.runTests(FunSuite.scala:1304)
	at uk.org.nbn.nbnv.importer.testing.BaseFunSuite.runTests(BaseFunSuite.scala:12)
	at org.scalatest.Suite$class.run(Suite.scala:2303)
	at uk.org.nbn.nbnv.importer.testing.BaseFunSuite.org$scalatest$FunSuite$$super$run(BaseFunSuite.scala:12)
	at org.scalatest.FunSuite$$anonfun$run$1.apply(FunSuite.scala:1310)
	at org.scalatest.FunSuite$$anonfun$run$1.apply(FunSuite.scala:1310)
	at org.scalatest.SuperEngine.runImpl(Engine.scala:362)
	at org.scalatest.FunSuite$class.run(FunSuite.scala:1310)
	at uk.org.nbn.nbnv.importer.testing.BaseFunSuite.run(BaseFunSuite.scala:12)
	at org.scalatest.junit.JUnitRunner.run(JUnitRunner.scala:94)
	at org.apache.maven.surefire.junit4.JUnit4TestSet.execute(JUnit4TestSet.java:53)
	at org.apache.maven.surefire.junit4.JUnit4Provider.executeTestSet(JUnit4Provider.java:123)
	at org.apache.maven.surefire.junit4.JUnit4Provider.invoke(JUnit4Provider.java:104)
	at sun.reflect.NativeMethodAccessorImpl.invoke0(Native Method)
	at sun.reflect.NativeMethodAccessorImpl.invoke(NativeMethodAccessorImpl.java:39)
	at sun.reflect.DelegatingMethodAccessorImpl.invoke(DelegatingMethodAccessorImpl.java:25)
	at java.lang.reflect.Method.invoke(Method.java:597)
	at org.apache.maven.surefire.util.ReflectionUtils.invokeMethodWithArray(ReflectionUtils.java:164)
	at org.apache.maven.surefire.booter.ProviderFactory$ProviderProxy.invoke(ProviderFactory.java:110)
	at org.apache.maven.surefire.booter.SurefireStarter.invokeProvider(SurefireStarter.java:175)
	at org.apache.maven.surefire.booter.SurefireStarter.runSuitesInProcessWhenForked(SurefireStarter.java:107)
	at org.apache.maven.surefire.booter.ForkedBooter.main(ForkedBooter.java:68)
smoke test - should give irish grid square for lat 54.622978 lng -7.1389159(uk.org.nbn.nbnv.importer.spatial.GridSquareInfoFactorySuite)  Time elapsed: 0.004 sec  <<< ERROR!
java.util.NoSuchElementException: None.get
	at scala.None$.get(Option.scala:274)
	at scala.None$.get(Option.scala:272)
	at uk.org.nbn.nbnv.importer.spatial.GridSquareInfoFactorySuite$$anonfun$10.apply$mcV$sp(GridSquareInfoFactorySuite.scala:120)
	at uk.org.nbn.nbnv.importer.spatial.GridSquareInfoFactorySuite$$anonfun$10.apply(GridSquareInfoFactorySuite.scala:115)
	at uk.org.nbn.nbnv.importer.spatial.GridSquareInfoFactorySuite$$anonfun$10.apply(GridSquareInfoFactorySuite.scala:115)
	at org.scalatest.FunSuite$$anon$1.apply(FunSuite.scala:1265)
	at org.scalatest.Suite$class.withFixture(Suite.scala:1974)
	at uk.org.nbn.nbnv.importer.testing.BaseFunSuite.withFixture(BaseFunSuite.scala:12)
	at org.scalatest.FunSuite$class.invokeWithFixture$1(FunSuite.scala:1262)
	at org.scalatest.FunSuite$$anonfun$runTest$1.apply(FunSuite.scala:1271)
	at org.scalatest.FunSuite$$anonfun$runTest$1.apply(FunSuite.scala:1271)
	at org.scalatest.SuperEngine.runTestImpl(Engine.scala:198)
	at org.scalatest.FunSuite$class.runTest(FunSuite.scala:1271)
	at uk.org.nbn.nbnv.importer.testing.BaseFunSuite.runTest(BaseFunSuite.scala:12)
	at org.scalatest.FunSuite$$anonfun$runTests$1.apply(FunSuite.scala:1304)
	at org.scalatest.FunSuite$$anonfun$runTests$1.apply(FunSuite.scala:1304)
	at org.scalatest.SuperEngine$$anonfun$org$scalatest$SuperEngine$$runTestsInBranch$1.apply(Engine.scala:260)
	at org.scalatest.SuperEngine$$anonfun$org$scalatest$SuperEngine$$runTestsInBranch$1.apply(Engine.scala:249)
	at scala.collection.LinearSeqOptimized$class.foreach(LinearSeqOptimized.scala:59)
	at scala.collection.immutable.List.foreach(List.scala:76)
	at org.scalatest.SuperEngine.org$scalatest$SuperEngine$$runTestsInBranch(Engine.scala:249)
	at org.scalatest.SuperEngine.runTestsImpl(Engine.scala:326)
	at org.scalatest.FunSuite$class.runTests(FunSuite.scala:1304)
	at uk.org.nbn.nbnv.importer.testing.BaseFunSuite.runTests(BaseFunSuite.scala:12)
	at org.scalatest.Suite$class.run(Suite.scala:2303)
	at uk.org.nbn.nbnv.importer.testing.BaseFunSuite.org$scalatest$FunSuite$$super$run(BaseFunSuite.scala:12)
	at org.scalatest.FunSuite$$anonfun$run$1.apply(FunSuite.scala:1310)
	at org.scalatest.FunSuite$$anonfun$run$1.apply(FunSuite.scala:1310)
	at org.scalatest.SuperEngine.runImpl(Engine.scala:362)
	at org.scalatest.FunSuite$class.run(FunSuite.scala:1310)
	at uk.org.nbn.nbnv.importer.testing.BaseFunSuite.run(BaseFunSuite.scala:12)
	at org.scalatest.junit.JUnitRunner.run(JUnitRunner.scala:94)
	at org.apache.maven.surefire.junit4.JUnit4TestSet.execute(JUnit4TestSet.java:53)
	at org.apache.maven.surefire.junit4.JUnit4Provider.executeTestSet(JUnit4Provider.java:123)
	at org.apache.maven.surefire.junit4.JUnit4Provider.invoke(JUnit4Provider.java:104)
	at sun.reflect.NativeMethodAccessorImpl.invoke0(Native Method)
	at sun.reflect.NativeMethodAccessorImpl.invoke(NativeMethodAccessorImpl.java:39)
	at sun.reflect.DelegatingMethodAccessorImpl.invoke(DelegatingMethodAccessorImpl.java:25)
	at java.lang.reflect.Method.invoke(Method.java:597)
	at org.apache.maven.surefire.util.ReflectionUtils.invokeMethodWithArray(ReflectionUtils.java:164)
	at org.apache.maven.surefire.booter.ProviderFactory$ProviderProxy.invoke(ProviderFactory.java:110)
	at org.apache.maven.surefire.booter.SurefireStarter.invokeProvider(SurefireStarter.java:175)
	at org.apache.maven.surefire.booter.SurefireStarter.runSuitesInProcessWhenForked(SurefireStarter.java:107)
	at org.apache.maven.surefire.booter.ForkedBooter.main(ForkedBooter.java:68)
smoke test - should give channel islands grid square for lat 49.177422 lng -2.183612(uk.org.nbn.nbnv.importer.spatial.GridSquareInfoFactorySuite)  Time elapsed: 0.005 sec  <<< ERROR!
java.util.NoSuchElementException: None.get
	at scala.None$.get(Option.scala:274)
	at scala.None$.get(Option.scala:272)
	at uk.org.nbn.nbnv.importer.spatial.GridSquareInfoFactorySuite$$anonfun$11.apply$mcV$sp(GridSquareInfoFactorySuite.scala:131)
	at uk.org.nbn.nbnv.importer.spatial.GridSquareInfoFactorySuite$$anonfun$11.apply(GridSquareInfoFactorySuite.scala:126)
	at uk.org.nbn.nbnv.importer.spatial.GridSquareInfoFactorySuite$$anonfun$11.apply(GridSquareInfoFactorySuite.scala:126)
	at org.scalatest.FunSuite$$anon$1.apply(FunSuite.scala:1265)
	at org.scalatest.Suite$class.withFixture(Suite.scala:1974)
	at uk.org.nbn.nbnv.importer.testing.BaseFunSuite.withFixture(BaseFunSuite.scala:12)
	at org.scalatest.FunSuite$class.invokeWithFixture$1(FunSuite.scala:1262)
	at org.scalatest.FunSuite$$anonfun$runTest$1.apply(FunSuite.scala:1271)
	at org.scalatest.FunSuite$$anonfun$runTest$1.apply(FunSuite.scala:1271)
	at org.scalatest.SuperEngine.runTestImpl(Engine.scala:198)
	at org.scalatest.FunSuite$class.runTest(FunSuite.scala:1271)
	at uk.org.nbn.nbnv.importer.testing.BaseFunSuite.runTest(BaseFunSuite.scala:12)
	at org.scalatest.FunSuite$$anonfun$runTests$1.apply(FunSuite.scala:1304)
	at org.scalatest.FunSuite$$anonfun$runTests$1.apply(FunSuite.scala:1304)
	at org.scalatest.SuperEngine$$anonfun$org$scalatest$SuperEngine$$runTestsInBranch$1.apply(Engine.scala:260)
	at org.scalatest.SuperEngine$$anonfun$org$scalatest$SuperEngine$$runTestsInBranch$1.apply(Engine.scala:249)
	at scala.collection.LinearSeqOptimized$class.foreach(LinearSeqOptimized.scala:59)
	at scala.collection.immutable.List.foreach(List.scala:76)
	at org.scalatest.SuperEngine.org$scalatest$SuperEngine$$runTestsInBranch(Engine.scala:249)
	at org.scalatest.SuperEngine.runTestsImpl(Engine.scala:326)
	at org.scalatest.FunSuite$class.runTests(FunSuite.scala:1304)
	at uk.org.nbn.nbnv.importer.testing.BaseFunSuite.runTests(BaseFunSuite.scala:12)
	at org.scalatest.Suite$class.run(Suite.scala:2303)
	at uk.org.nbn.nbnv.importer.testing.BaseFunSuite.org$scalatest$FunSuite$$super$run(BaseFunSuite.scala:12)
	at org.scalatest.FunSuite$$anonfun$run$1.apply(FunSuite.scala:1310)
	at org.scalatest.FunSuite$$anonfun$run$1.apply(FunSuite.scala:1310)
	at org.scalatest.SuperEngine.runImpl(Engine.scala:362)
	at org.scalatest.FunSuite$class.run(FunSuite.scala:1310)
	at uk.org.nbn.nbnv.importer.testing.BaseFunSuite.run(BaseFunSuite.scala:12)
	at org.scalatest.junit.JUnitRunner.run(JUnitRunner.scala:94)
	at org.apache.maven.surefire.junit4.JUnit4TestSet.execute(JUnit4TestSet.java:53)
	at org.apache.maven.surefire.junit4.JUnit4Provider.executeTestSet(JUnit4Provider.java:123)
	at org.apache.maven.surefire.junit4.JUnit4Provider.invoke(JUnit4Provider.java:104)
	at sun.reflect.NativeMethodAccessorImpl.invoke0(Native Method)
	at sun.reflect.NativeMethodAccessorImpl.invoke(NativeMethodAccessorImpl.java:39)
	at sun.reflect.DelegatingMethodAccessorImpl.invoke(DelegatingMethodAccessorImpl.java:25)
	at java.lang.reflect.Method.invoke(Method.java:597)
	at org.apache.maven.surefire.util.ReflectionUtils.invokeMethodWithArray(ReflectionUtils.java:164)
	at org.apache.maven.surefire.booter.ProviderFactory$ProviderProxy.invoke(ProviderFactory.java:110)
	at org.apache.maven.surefire.booter.SurefireStarter.invokeProvider(SurefireStarter.java:175)
	at org.apache.maven.surefire.booter.SurefireStarter.runSuitesInProcessWhenForked(SurefireStarter.java:107)
	at org.apache.maven.surefire.booter.ForkedBooter.main(ForkedBooter.java:68)
